[0607/085737.166:INFO:CONSOLE(21172)] "THREE.WebGLRenderer 92", source: file:///C:/Program%20Files/AnyLogic%208.9%20Personal%20Learning%20Edition/plugins/com.anylogic.graphics3d_8.9.0.202404161236/static/build/three.js (21172)
[0607/085738.022:INFO:CONSOLE(3660)] "THREE.ColladaLoader: File version 1.4.0", source: file:///C:/Program%20Files/AnyLogic%208.9%20Personal%20Learning%20Edition/plugins/com.anylogic.graphics3d_8.9.0.202404161236/static/libs/ColladaLoader.js (3660)
[0607/085738.031:INFO:CONSOLE(255)] "Loaded: file:D:/Новая папка/biti/8семестр/ИТУ/Практика/Market/Market/JobShop/3d/cnc_vertical_machining_center_2_state_1.dae", source: file:///C:/Program%20Files/AnyLogic%208.9%20Personal%20Learning%20Edition/plugins/com.anylogic.graphics3d_8.9.0.202404161236/static/init.js (255)
[0607/085738.032:INFO:CONSOLE(271)] "load end: file:D:/Новая папка/biti/8семестр/ИТУ/Практика/Market/Market/JobShop/3d/cnc_vertical_machining_center_2_state_1.dae", source: file:///C:/Program%20Files/AnyLogic%208.9%20Personal%20Learning%20Edition/plugins/com.anylogic.graphics3d_8.9.0.202404161236/static/init.js (271)
[0607/085738.098:INFO:CONSOLE(3660)] "THREE.ColladaLoader: File version 1.4.0", source: file:///C:/Program%20Files/AnyLogic%208.9%20Personal%20Learning%20Edition/plugins/com.anylogic.graphics3d_8.9.0.202404161236/static/libs/ColladaLoader.js (3660)
[0607/085738.100:INFO:CONSOLE(255)] "Loaded: file:D:/Новая папка/biti/8семестр/ИТУ/Практика/Market/Market/JobShop/3d/cnc_vertical_machining_center_1_state_2.dae", source: file:///C:/Program%20Files/AnyLogic%208.9%20Personal%20Learning%20Edition/plugins/com.anylogic.graphics3d_8.9.0.202404161236/static/init.js (255)
[0607/085738.100:INFO:CONSOLE(271)] "load end: file:D:/Новая папка/biti/8семестр/ИТУ/Практика/Market/Market/JobShop/3d/cnc_vertical_machining_center_1_state_2.dae", source: file:///C:/Program%20Files/AnyLogic%208.9%20Personal%20Learning%20Edition/plugins/com.anylogic.graphics3d_8.9.0.202404161236/static/init.js (271)
[0607/085738.113:INFO:CONSOLE(3660)] "THREE.ColladaLoader: File version 1.4.0", source: file:///C:/Program%20Files/AnyLogic%208.9%20Personal%20Learning%20Edition/plugins/com.anylogic.graphics3d_8.9.0.202404161236/static/libs/ColladaLoader.js (3660)
[0607/085738.117:INFO:CONSOLE(255)] "Loaded: file:D:/Новая папка/biti/8семестр/ИТУ/Практика/Market/Market/JobShop/3d/worker.dae", source: file:///C:/Program%20Files/AnyLogic%208.9%20Personal%20Learning%20Edition/plugins/com.anylogic.graphics3d_8.9.0.202404161236/static/init.js (255)
[0607/085738.117:INFO:CONSOLE(271)] "load end: file:D:/Новая папка/biti/8семестр/ИТУ/Практика/Market/Market/JobShop/3d/worker.dae", source: file:///C:/Program%20Files/AnyLogic%208.9%20Personal%20Learning%20Edition/plugins/com.anylogic.graphics3d_8.9.0.202404161236/static/init.js (271)
[0607/085936.335:ERROR:gpu_init.cc(523)] Passthrough is not supported, GL is disabled, ANGLE is 
[0607/090312.385:INFO:CONSOLE(3660)] "THREE.ColladaLoader: File version 1.4.0", source: file:///C:/Program%20Files/AnyLogic%208.9%20Personal%20Learning%20Edition/plugins/com.anylogic.graphics3d_8.9.0.202404161236/static/libs/ColladaLoader.js (3660)
[0607/090312.392:INFO:CONSOLE(255)] "Loaded: file:D:/Новая папка/biti/8семестр/ИТУ/Практика/Market/Market/Airport/3d/person.dae", source: file:///C:/Program%20Files/AnyLogic%208.9%20Personal%20Learning%20Edition/plugins/com.anylogic.graphics3d_8.9.0.202404161236/static/init.js (255)
[0607/090312.392:INFO:CONSOLE(271)] "load end: file:D:/Новая папка/biti/8семестр/ИТУ/Практика/Market/Market/Airport/3d/person.dae", source: file:///C:/Program%20Files/AnyLogic%208.9%20Personal%20Learning%20Edition/plugins/com.anylogic.graphics3d_8.9.0.202404161236/static/init.js (271)
[0607/091453.232:INFO:CONSOLE(3660)] "THREE.ColladaLoader: File version 1.4.0", source: file:///C:/Program%20Files/AnyLogic%208.9%20Personal%20Learning%20Edition/plugins/com.anylogic.graphics3d_8.9.0.202404161236/static/libs/ColladaLoader.js (3660)
[0607/091453.233:INFO:CONSOLE(255)] "Loaded: file:D:/Новая папка/biti/8семестр/ИТУ/Практика/Market/Market/Airport/3d/detector.dae", source: file:///C:/Program%20Files/AnyLogic%208.9%20Personal%20Learning%20Edition/plugins/com.anylogic.graphics3d_8.9.0.202404161236/static/init.js (255)
[0607/091453.233:INFO:CONSOLE(271)] "load end: file:D:/Новая папка/biti/8семестр/ИТУ/Практика/Market/Market/Airport/3d/detector.dae", source: file:///C:/Program%20Files/AnyLogic%208.9%20Personal%20Learning%20Edition/plugins/com.anylogic.graphics3d_8.9.0.202404161236/static/init.js (271)
[0607/091518.364:INFO:CONSOLE(3660)] "THREE.ColladaLoader: File version 1.4.0", source: file:///C:/Program%20Files/AnyLogic%208.9%20Personal%20Learning%20Edition/plugins/com.anylogic.graphics3d_8.9.0.202404161236/static/libs/ColladaLoader.js (3660)
[0607/091518.367:INFO:CONSOLE(255)] "Loaded: file:D:/Новая папка/biti/8семестр/ИТУ/Практика/Market/Market/Airport/3d/xray.dae", source: file:///C:/Program%20Files/AnyLogic%208.9%20Personal%20Learning%20Edition/plugins/com.anylogic.graphics3d_8.9.0.202404161236/static/init.js (255)
[0607/091518.367:INFO:CONSOLE(271)] "load end: file:D:/Новая папка/biti/8семестр/ИТУ/Практика/Market/Market/Airport/3d/xray.dae", source: file:///C:/Program%20Files/AnyLogic%208.9%20Personal%20Learning%20Edition/plugins/com.anylogic.graphics3d_8.9.0.202404161236/static/init.js (271)
[0607/091518.394:INFO:CONSOLE(19709)] "THREE.WebGLRenderer: image is not power of two (400x400). Resized to 256x256 [object HTMLImageElement]", source: file:///C:/Program%20Files/AnyLogic%208.9%20Personal%20Learning%20Edition/plugins/com.anylogic.graphics3d_8.9.0.202404161236/static/build/three.js (19709)
[0607/093605.193:INFO:CONSOLE(21172)] "THREE.WebGLRenderer 92", source: file:///C:/Program%20Files/AnyLogic%208.9%20Personal%20Learning%20Edition/plugins/com.anylogic.graphics3d_8.9.0.202404161236/static/build/three.js (21172)
[0607/093606.109:INFO:CONSOLE(3660)] "THREE.ColladaLoader: File version 1.4.0", source: file:///C:/Program%20Files/AnyLogic%208.9%20Personal%20Learning%20Edition/plugins/com.anylogic.graphics3d_8.9.0.202404161236/static/libs/ColladaLoader.js (3660)
[0607/093606.118:INFO:CONSOLE(255)] "Loaded: file:D:/Новая папка/biti/8семестр/ИТУ/Практика/Market/Market/Airport/3d/officeworker.dae", source: file:///C:/Program%20Files/AnyLogic%208.9%20Personal%20Learning%20Edition/plugins/com.anylogic.graphics3d_8.9.0.202404161236/static/init.js (255)
[0607/093606.118:INFO:CONSOLE(271)] "load end: file:D:/Новая папка/biti/8семестр/ИТУ/Практика/Market/Market/Airport/3d/officeworker.dae", source: file:///C:/Program%20Files/AnyLogic%208.9%20Personal%20Learning%20Edition/plugins/com.anylogic.graphics3d_8.9.0.202404161236/static/init.js (271)
[0607/093633.840:INFO:CONSOLE(3660)] "THREE.ColladaLoader: File version 1.4.0", source: file:///C:/Program%20Files/AnyLogic%208.9%20Personal%20Learning%20Edition/plugins/com.anylogic.graphics3d_8.9.0.202404161236/static/libs/ColladaLoader.js (3660)
[0607/093633.850:INFO:CONSOLE(255)] "Loaded: file:D:/Новая папка/biti/8семестр/ИТУ/Практика/Market/Market/Airport/3d/woman_2.dae", source: file:///C:/Program%20Files/AnyLogic%208.9%20Personal%20Learning%20Edition/plugins/com.anylogic.graphics3d_8.9.0.202404161236/static/init.js (255)
[0607/093633.850:INFO:CONSOLE(271)] "load end: file:D:/Новая папка/biti/8семестр/ИТУ/Практика/Market/Market/Airport/3d/woman_2.dae", source: file:///C:/Program%20Files/AnyLogic%208.9%20Personal%20Learning%20Edition/plugins/com.anylogic.graphics3d_8.9.0.202404161236/static/init.js (271)
[0607/093804.489:ERROR:gpu_init.cc(523)] Passthrough is not supported, GL is disabled, ANGLE is 
[0607/093902.037:INFO:CONSOLE(3660)] "THREE.ColladaLoader: File version 1.4.0", source: file:///C:/Program%20Files/AnyLogic%208.9%20Personal%20Learning%20Edition/plugins/com.anylogic.graphics3d_8.9.0.202404161236/static/libs/ColladaLoader.js (3660)
[0607/093902.047:INFO:CONSOLE(255)] "Loaded: file:D:/Новая папка/biti/8семестр/ИТУ/Практика/Market/Market/Airport/3d/table.dae", source: file:///C:/Program%20Files/AnyLogic%208.9%20Personal%20Learning%20Edition/plugins/com.anylogic.graphics3d_8.9.0.202404161236/static/init.js (255)
[0607/093902.047:INFO:CONSOLE(271)] "load end: file:D:/Новая папка/biti/8семестр/ИТУ/Практика/Market/Market/Airport/3d/table.dae", source: file:///C:/Program%20Files/AnyLogic%208.9%20Personal%20Learning%20Edition/plugins/com.anylogic.graphics3d_8.9.0.202404161236/static/init.js (271)
[0607/095059.043:INFO:CONSOLE(3660)] "THREE.ColladaLoader: File version 1.4.0", source: file:///C:/Program%20Files/AnyLogic%208.9%20Personal%20Learning%20Edition/plugins/com.anylogic.graphics3d_8.9.0.202404161236/static/libs/ColladaLoader.js (3660)
[0607/095059.049:INFO:CONSOLE(255)] "Loaded: file:D:/Новая папка/biti/8семестр/ИТУ/Практика/Market/Market/Airport/3d/person.dae", source: file:///C:/Program%20Files/AnyLogic%208.9%20Personal%20Learning%20Edition/plugins/com.anylogic.graphics3d_8.9.0.202404161236/static/init.js (255)
[0607/095059.049:INFO:CONSOLE(271)] "load end: file:D:/Новая папка/biti/8семестр/ИТУ/Практика/Market/Market/Airport/3d/person.dae", source: file:///C:/Program%20Files/AnyLogic%208.9%20Personal%20Learning%20Edition/plugins/com.anylogic.graphics3d_8.9.0.202404161236/static/init.js (271)
